#
# There is insufficient memory for the Java Runtime Environment to continue.
# Native memory allocation (malloc) failed to allocate 1048576 bytes for AllocateHeap
# Possible reasons:
#   The system is out of physical RAM or swap space
#   In 32 bit mode, the process size limit was hit
# Possible solutions:
#   Reduce memory load on the system
#   Increase physical memory or swap space
#   Check if swap backing store is full
#   Use 64 bit Java on a 64 bit OS
#   Decrease Java heap size (-Xmx/-Xms)
#   Decrease number of Java threads
#   Decrease Java thread stack sizes (-Xss)
#   Set larger code cache with -XX:ReservedCodeCacheSize=
# This output file may be truncated or incomplete.
#
#  Out of Memory Error (memory/allocation.inline.hpp:61), pid=3544, tid=26816
#
# JRE version:  (8.0_91-b14) (build )
# Java VM: Java HotSpot(TM) 64-Bit Server VM (25.91-b14 mixed mode windows-amd64 compressed oops)
# Failed to write core dump. Minidumps are not enabled by default on client versions of Windows
#

---------------  T H R E A D  ---------------

Current thread (0x0000000002c03800):  JavaThread "Unknown thread" [_thread_in_vm, id=26816, stack(0x0000000002b00000,0x0000000002c00000)]

Stack: [0x0000000002b00000,0x0000000002c00000]
[error occurred during error reporting (printing stack bounds), id 0xc0000005]

Native frames: (J=compiled Java code, j=interpreted, Vv=VM code, C=native code)


---------------  P R O C E S S  ---------------

Java Threads: ( => current thread )

Other Threads:

=>0x0000000002c03800 (exited) JavaThread "Unknown thread" [_thread_in_vm, id=26816, stack(0x0000000002b00000,0x0000000002c00000)]

VM state:not at safepoint (normal execution)

VM Mutex/Monitor currently owned by a thread: None

Heap:
 PSYoungGen      total 38400K, used 665K [0x00000000d5f00000, 0x00000000d8980000, 0x0000000100000000)
  eden space 33280K, 2% used [0x00000000d5f00000,0x00000000d5fa6670,0x00000000d7f80000)
  from space 5120K, 0% used [0x00000000d8480000,0x00000000d8480000,0x00000000d8980000)
  to   space 5120K, 0% used [0x00000000d7f80000,0x00000000d7f80000,0x00000000d8480000)
 ParOldGen       total 87552K, used 0K [0x0000000081c00000, 0x0000000087180000, 0x00000000d5f00000)
  object space 87552K, 0% used [0x0000000081c00000,0x0000000081c00000,0x0000000087180000)
 Metaspace       used 769K, capacity 4480K, committed 4480K, reserved 1056768K
  class space    used 75K, capacity 384K, committed 384K, reserved 1048576K

Card table byte_map: [0x00000000120c0000,0x00000000124c0000] byte_map_base: 0x0000000011cb2000

Marking Bits: (ParMarkBitMap*) 0x000000005f8b2f70
 Begin Bits: [0x0000000012b70000, 0x0000000014b00000)
 End Bits:   [0x0000000014b00000, 0x0000000016a90000)

Polling page: 0x0000000001390000

CodeCache: size=245760Kb used=328Kb max_used=328Kb free=245431Kb
 bounds [0x0000000002d00000, 0x0000000002f70000, 0x0000000011d00000]
 total_blobs=58 nmethods=0 adapters=38
 compilation: enabled

Compilation events (0 events):
No events

GC Heap History (0 events):
No events

Deoptimization events (0 events):
No events

Internal exceptions (0 events):
No events

Events (10 events):
Event: 0.269 loading class java/lang/Short
Event: 0.270 loading class java/lang/Short done
Event: 0.270 loading class java/lang/Integer
Event: 0.271 loading class java/lang/Integer done
Event: 0.271 loading class java/lang/Long
Event: 0.272 loading class java/lang/Long done
Event: 0.274 loading class java/lang/NullPointerException
Event: 0.274 loading class java/lang/NullPointerException done
Event: 0.274 loading class java/lang/ArithmeticException
Event: 0.274 loading class java/lang/ArithmeticException done


Dynamic libraries:
0x00007ff625d20000 - 0x00007ff625d57000 	C:\Program Files\Java\jdk1.8.0_91\bin\javaw.exe
0x00007ffe77510000 - 0x00007ffe776d1000 	C:\Windows\SYSTEM32\ntdll.dll
0x00007ffe76df0000 - 0x00007ffe76e9d000 	C:\Windows\system32\KERNEL32.DLL
0x00007ffe746b0000 - 0x00007ffe74898000 	C:\Windows\system32\KERNELBASE.dll
0x00007ffe77460000 - 0x00007ffe77507000 	C:\Windows\system32\ADVAPI32.dll
0x00007ffe74d80000 - 0x00007ffe74e1d000 	C:\Windows\system32\msvcrt.dll
0x00007ffe769e0000 - 0x00007ffe76a3b000 	C:\Windows\system32\sechost.dll
0x00007ffe76630000 - 0x00007ffe7674c000 	C:\Windows\system32\RPCRT4.dll
0x00007ffe764d0000 - 0x00007ffe76626000 	C:\Windows\system32\USER32.dll
0x00007ffe74bf0000 - 0x00007ffe74d76000 	C:\Windows\system32\GDI32.dll
0x00007ffe6e320000 - 0x00007ffe6e594000 	C:\Windows\WinSxS\amd64_microsoft.windows.common-controls_6595b64144ccf1df_6.0.10586.839_none_a2ddba30a539a2ae\COMCTL32.dll
0x00007ffe74970000 - 0x00007ffe74bee000 	C:\Windows\system32\combase.dll
0x00007ffe748a0000 - 0x00007ffe7490a000 	C:\Windows\system32\bcryptPrimitives.dll
0x00007ffe74910000 - 0x00007ffe7494b000 	C:\Windows\system32\IMM32.DLL
0x000000005fdb0000 - 0x000000005fe82000 	C:\Program Files\Java\jdk1.8.0_91\jre\bin\msvcr100.dll
0x000000005f0a0000 - 0x000000005f933000 	C:\Program Files\Java\jdk1.8.0_91\jre\bin\server\jvm.dll
0x00007ffe76750000 - 0x00007ffe76758000 	C:\Windows\system32\PSAPI.DLL
0x00007ffe6ee30000 - 0x00007ffe6ee39000 	C:\Windows\SYSTEM32\WSOCK32.dll
0x00007ffe722b0000 - 0x00007ffe722d3000 	C:\Windows\SYSTEM32\WINMM.dll
0x00007ffe76c70000 - 0x00007ffe76cdb000 	C:\Windows\system32\WS2_32.dll
0x00007ffe67e40000 - 0x00007ffe67e4a000 	C:\Windows\SYSTEM32\VERSION.dll
0x00007ffe720f0000 - 0x00007ffe7211c000 	C:\Windows\SYSTEM32\WINMMBASE.dll
0x00007ffe73c50000 - 0x00007ffe73c93000 	C:\Windows\system32\cfgmgr32.dll
0x0000000061570000 - 0x000000006157f000 	C:\Program Files\Java\jdk1.8.0_91\jre\bin\verify.dll
0x0000000060110000 - 0x0000000060139000 	C:\Program Files\Java\jdk1.8.0_91\jre\bin\java.dll
0x00000000600f0000 - 0x0000000060106000 	C:\Program Files\Java\jdk1.8.0_91\jre\bin\zip.dll

VM Arguments:
jvm_args: -ea -Dfile.encoding=Cp1252 
java_command: org.testng.remote.RemoteTestNG -serport 60378 -protocol json -d D:\Automation\WS\Ace2Three\test-output D:\Automation\WS\Ace2Three\testng.xml
java_class_path (initial): D:\Automation\Softwares\eclipse-java-mars-2-win32-x86_64\eclipse\plugins\org.testng.eclipse_6.11.0.201703011520\lib\testng-remote.jar;D:\Automation\WS\Ace2Three\bin;D:\Automation\Softwares\eclipse-java-mars-2-win32-x86_64\eclipse\plugins\org.testng.eclipse_6.11.0.201703011520\lib\testng.jar;D:\Automation\Softwares\eclipse-java-mars-2-win32-x86_64\eclipse\plugins\org.testng.eclipse_6.11.0.201703011520\lib\jcommander.jar;D:\Automation\Softwares\eclipse-java-mars-2-win32-x86_64\eclipse\plugins\org.testng.eclipse_6.11.0.201703011520\lib\bsh-2.0b4.jar;D:\Automation\Softwares\eclipse-java-mars-2-win32-x86_64\eclipse\plugins\org.testng.eclipse_6.11.0.201703011520\lib\snakeyaml.jar;D:\Automation\WS\Ace2Three\lib\ant-1.9.6.jar;D:\Automation\WS\Ace2Three\lib\ant-1.9.7.jar;D:\Automation\WS\Ace2Three\lib\ant-launcher-1.9.6.jar;D:\Automation\WS\Ace2Three\lib\ant-launcher-1.9.7.jar;D:\Automation\WS\Ace2Three\lib\aopalliance-1.0.jar;D:\Automation\WS\Ace2Three\lib\asm-5.1.jar;D:\Automation\WS\Ace2Three\lib\aspectjweaver-1.8.10.jar;D:\Automation\WS\Ace2Three\lib\bridj-0.6.2.jar;D:\Automation\WS\Ace2Three\lib\bsh-2.0b6.jar;D:\Automation\WS\Ace2Three\lib\bson-3.0.4.jar;D:\Automation\WS\Ace2Three\lib\cglib-3.2.4.jar;D:\Automation\WS\Ace2Three\lib\cglib-nodep-3.2.4.jar;D:\Automation\WS\Ace2Three\lib\commons-beanutils-1.9.2.jar;D:\Automation\WS\Ace2Three\lib\commons-cli-1.2.jar;D:\Automation\WS\Ace2Three\lib\commons-codec-1.10.jar;D:\Automation\WS\Ace2Three\lib\commons-collections-3.2.2.jar;D:\Automation\WS\Ace2Three\lib\commons-digester-1.8.1.jar;D:\Automation\WS\Ace2Three\lib\commons-exec-1.3.jar;D:\Automation\WS\Ace2Three\lib\commons-io-2.5.jar;D:\Automation\WS\Ace2Three\lib\commons-lang-2.6.jar;D:\Automation\WS\Ace2Three\lib\commons-lang3-3.5.jar;D:\Automation\WS\Ace2Three\lib\commons-logging-1.2.jar;D:\Automation\WS\Ace2Three\lib\commons-validator-1.5.1.jar;D:\Automation\WS\Ace2Three\lib\cssparser-0.9.22.jar;D:\Automation\WS\Ace2Three\lib\extentreports-2
Launcher Type: SUN_STANDARD

Environment Variables:
PATH=C:/Program Files/Java/jre1.8.0_91/bin/server;C:/Program Files/Java/jre1.8.0_91/bin;C:/Program Files/Java/jre1.8.0_91/lib/amd64;C:\ProgramData\Oracle\Java\javapath;C:\Windows\system32;C:\Windows;C:\Windows\System32\Wbem;C:\Windows\System32\WindowsPowerShell\v1.0\;C:\Program Files\nodejs\;C:\Users\dineshsoma\AppData\Local\Android\Sdk\platform-tools;C:\Program Files\Java\jdk1.8.0_91\bin;D:\Automation\Softwares\apache-ant-1.10.1\bin;C:\Users\dineshsoma\AppData\Roaming\npm;D:\Automation\Softwares\eclipse-java-mars-2-win32-x86_64\eclipse;
USERNAME=dineshsoma
OS=Windows_NT
PROCESSOR_IDENTIFIER=Intel64 Family 6 Model 94 Stepping 3, GenuineIntel



---------------  S Y S T E M  ---------------

OS: Windows 10.0 , 64 bit Build 10586 (10.0.10586.589)

CPU:total 4 (4 cores per cpu, 1 threads per core) family 6 model 94 stepping 3, cmov, cx8, fxsr, mmx, sse, sse2, sse3, ssse3, sse4.1, sse4.2, popcnt, avx, avx2, aes, clmul, erms, 3dnowpref, lzcnt, tsc, tscinvbit, bmi1, bmi2, adx

Memory: 4k page, physical 8265836k(892872k free), swap 33431660k(5888k free)

vm_info: Java HotSpot(TM) 64-Bit Server VM (25.91-b14) for windows-amd64 JRE (1.8.0_91-b14), built on Apr  1 2016 00:58:32 by "java_re" with MS VC++ 10.0 (VS2010)

time: Tue Jul 18 14:52:20 2017
elapsed time: 0 seconds (0d 0h 0m 0s)

